0 info it worked if it ends with ok
1 verbose cli [ '/usr/local/bin/node', '/usr/local/bin/npm', 'publish' ]
2 info using npm@1.4.23
3 info using node@v0.10.31
4 verbose publish [ '.' ]
5 verbose cache add [ '.', null ]
6 verbose cache add name=undefined spec="." args=[".",null]
7 verbose parsed url { protocol: null,
7 verbose parsed url   slashes: null,
7 verbose parsed url   auth: null,
7 verbose parsed url   host: null,
7 verbose parsed url   port: null,
7 verbose parsed url   hostname: null,
7 verbose parsed url   hash: null,
7 verbose parsed url   search: null,
7 verbose parsed url   query: null,
7 verbose parsed url   pathname: '.',
7 verbose parsed url   path: '.',
7 verbose parsed url   href: '.' }
8 silly lockFile 3a52ce78- .
9 verbose lock . /Users/jondelamotte/.npm/3a52ce78-.lock
10 verbose tar pack [ '/Users/jondelamotte/.npm/project-base/1.0.0/package.tgz',
10 verbose tar pack   '.' ]
11 verbose tarball /Users/jondelamotte/.npm/project-base/1.0.0/package.tgz
12 verbose folder .
13 info prepublish project-base@1.0.0
14 silly lockFile 1f1177db-tar tar://.
15 verbose lock tar://. /Users/jondelamotte/.npm/1f1177db-tar.lock
16 silly lockFile a3908053-m-project-base-1-0-0-package-tgz tar:///Users/jondelamotte/.npm/project-base/1.0.0/package.tgz
17 verbose lock tar:///Users/jondelamotte/.npm/project-base/1.0.0/package.tgz /Users/jondelamotte/.npm/a3908053-m-project-base-1-0-0-package-tgz.lock
18 silly lockFile 1f1177db-tar tar://.
19 silly lockFile 1f1177db-tar tar://.
20 silly lockFile a3908053-m-project-base-1-0-0-package-tgz tar:///Users/jondelamotte/.npm/project-base/1.0.0/package.tgz
21 silly lockFile a3908053-m-project-base-1-0-0-package-tgz tar:///Users/jondelamotte/.npm/project-base/1.0.0/package.tgz
22 silly lockFile 1abad293-e-npm-project-base-1-0-0-package /Users/jondelamotte/.npm/project-base/1.0.0/package
23 verbose lock /Users/jondelamotte/.npm/project-base/1.0.0/package /Users/jondelamotte/.npm/1abad293-e-npm-project-base-1-0-0-package.lock
24 silly lockFile 1abad293-e-npm-project-base-1-0-0-package /Users/jondelamotte/.npm/project-base/1.0.0/package
25 silly lockFile 1abad293-e-npm-project-base-1-0-0-package /Users/jondelamotte/.npm/project-base/1.0.0/package
26 silly lockFile 3a52ce78- .
27 silly lockFile 3a52ce78- .
28 silly publish { name: 'project-base',
28 silly publish   version: '1.0.0',
28 silly publish   description: 'A simple way to get the absolute root path for your current project. Useful for local requires.',
28 silly publish   repository:
28 silly publish    { type: 'git',
28 silly publish      url: 'https://github.com/jondlm/project-base.git' },
28 silly publish   main: 'index.js',
28 silly publish   scripts: { test: 'echo "Error: no test specified" && exit 1' },
28 silly publish   author: { name: 'Jon de la Motte', email: 'jondlm@gmail.com' },
28 silly publish   license: 'ISC',
28 silly publish   readme: '# Project Base\n\nA very simple, reliable module to solve the\n`require(\'../../../../something.js\')` problem. It relies on the fact that npm\ninstalls packages to `node_modules/`.\n\n## Usage\n\n    var r = require(\'project-base\');\n    var myModule = require(r + \'lib/myModule.js\');\n',
28 silly publish   readmeFilename: 'README.md',
28 silly publish   gitHead: 'a1b40913cc625266a7f26d9d56f025dd11e8c445',
28 silly publish   bugs: { url: 'https://github.com/jondlm/project-base/issues' },
28 silly publish   homepage: 'https://github.com/jondlm/project-base',
28 silly publish   _id: 'project-base@1.0.0',
28 silly publish   _shasum: '62af509717e42c4146371d3102590215c8576cf0',
28 silly publish   _from: '.' }
29 verbose request where is /project-base
30 verbose request registry https://registry.npmjs.org/
31 verbose request id 55473ca2eedc2f14
32 verbose url raw /project-base
33 verbose url resolving [ 'https://registry.npmjs.org/', './project-base' ]
34 verbose url resolved https://registry.npmjs.org/project-base
35 verbose request where is https://registry.npmjs.org/project-base
36 info trying registry request attempt 1 at 17:15:14
37 http PUT https://registry.npmjs.org/project-base
38 http 403 https://registry.npmjs.org/project-base
39 verbose headers { date: 'Fri, 05 Sep 2014 00:15:27 GMT',
39 verbose headers   server: 'CouchDB/1.5.0 (Erlang OTP/R14B04)',
39 verbose headers   'content-type': 'application/json',
39 verbose headers   'cache-control': 'max-age=60',
39 verbose headers   'content-length': '2577',
39 verbose headers   'accept-ranges': 'bytes',
39 verbose headers   via: '1.1 varnish',
39 verbose headers   'x-served-by': 'cache-lax1433-LAX',
39 verbose headers   'x-cache': 'MISS',
39 verbose headers   'x-cache-hits': '0',
39 verbose headers   'x-timer': 'S1409876127.738449,VS0,VE142',
39 verbose headers   'keep-alive': 'timeout=10, max=50',
39 verbose headers   connection: 'Keep-Alive' }
40 error publish Failed PUT 403
41 error Error: forbidden cannot modify pre-existing version: 1.0.0
41 error old={"name":"project-base","version":"1.0.0","description":"A simple way to get the absolute root path for your current project. Useful for local requires.","repository":{"type":"git","url":"https://github.com/jondlm/project-base.git"},"main":"index.js","scripts":{"test":"echo \"Error: no test specified\" && exit 1"},"author":{"name":"Jon de la Motte","email":"jondlm@gmail.com"},"license":"ISC","gitHead":"4a88af54f89dffb2266f2fd484ff13ba7e39227d","bugs":{"url":"https://github.com/jondlm/project-base/issues"},"homepage":"https://github.com/jondlm/project-base","_id":"project-base@1.0.0","_shasum":"0ae0fadf83ec35269dec814eb99a9dc58fea9169","_from":".","_npmVersion":"1.4.23","_npmUser":{"name":"jondelamotte","email":"jondlm@gmail.com"},"maintainers":[{"name":"jondelamotte","email":"jondlm@gmail.com"}],"dist":{"shasum":"0ae0fadf83ec35269dec814eb99a9dc58fea9169","tarball":"http://registry.npmjs.org/project-base/-/project-base-1.0.0.tgz"}}
41 error new={"name":"project-base","version":"1.0.0","description":"A simple way to get the absolute root path for your current project. Useful for local requires.","repository":{"type":"git","url":"https://github.com/jondlm/project-base.git"},"main":"index.js","scripts":{"test":"echo \"Error: no test specified\" && exit 1"},"author":{"name":"Jon de la Motte","email":"jondlm@gmail.com"},"license":"ISC","readme":"# Project Base\u000a\u000aA very simple, reliable module to solve the\u000a`require('../../../../something.js')` problem. It relies on the fact that npm\u000ainstalls packages to `node_modules/`.\u000a\u000a## Usage\u000a\u000a    var r = require('project-base');\u000a    var myModule = require(r + 'lib/myModule.js');\u000a","readmeFilename":"README.md","gitHead":"a1b40913cc625266a7f26d9d56f025dd11e8c445","bugs":{"url":"https://github.com/jondlm/project-base/issues"},"homepage":"https://github.com/jondlm/project-base","_id":"project-base@1.0.0","_shasum":"62af509717e42c4146371d3102590215c8576cf0","_from":".","_npmVersion":"1.4.23","_npmUser":{"name":"jondelamotte","email":"jondlm@gmail.com"},"maintainers":[{"name":"jondelamotte","email":"jondlm@gmail.com"}],"dist":{"shasum":"62af509717e42c4146371d3102590215c8576cf0","tarball":"http://registry.npmjs.org/project-base/-/project-base-1.0.0.tgz"}}: project-base
41 error     at RegClient.<anonymous> (/usr/local/lib/node_modules/npm/node_modules/npm-registry-client/lib/request.js:300:14)
41 error     at Request._callback (/usr/local/lib/node_modules/npm/node_modules/npm-registry-client/lib/request.js:238:65)
41 error     at Request.self.callback (/usr/local/lib/node_modules/npm/node_modules/request/request.js:123:22)
41 error     at Request.emit (events.js:98:17)
41 error     at Request.<anonymous> (/usr/local/lib/node_modules/npm/node_modules/request/request.js:893:14)
41 error     at Request.emit (events.js:117:20)
41 error     at IncomingMessage.<anonymous> (/usr/local/lib/node_modules/npm/node_modules/request/request.js:844:12)
41 error     at IncomingMessage.emit (events.js:117:20)
41 error     at _stream_readable.js:943:16
41 error     at process._tickCallback (node.js:419:13)
42 error If you need help, you may report this *entire* log,
42 error including the npm and node versions, at:
42 error     <http://github.com/npm/npm/issues>
43 error System Darwin 13.3.0
44 error command "/usr/local/bin/node" "/usr/local/bin/npm" "publish"
45 error cwd /Users/jondelamotte/dev/project-base
46 error node -v v0.10.31
47 error npm -v 1.4.23
48 verbose exit [ 1, true ]
